54410112
3633848064
9878400
531230016
2084911488
5345954460
3950965200
7929523200
2291988480
2290303944
1361664832
4193404992
1986304320
1474521408
443625984
1395947520
5345954460
49306224
74592636
7343011872
1588137984
3955856400
477219600
3867869376
679129920
4129279608
397138800
1143299520
1271171304
1261311996
1170924912
449396552
2130296960
2400282640
502032960
865191936
1555337280
2951194560
503229564
2273408368
22046904
5832864000
194281920
207394560
629622000
512093712
18185076
950384832
189231400
852451776
