361725952
300579088
7391763360
563194368
5299815552
1153797120
3142022800
94003200
1806074952
6896968632
2288540160
3076576768
193752000
2651663040
1016066144
4289391310
1887123876
9103354560
1992000000
362203800
7870937184
2513855196
4097731200
2484050272
610181800
86838420
972455760
35497320
291301920
6685745952
4139503362
6530636310
570152448
516579360
1289445360
5344888448
66012000
6102156256
889405440
2342512320
117975264
6371593200
3335904000
8786088400
4357304484
675052560
703257966
552875620
9555438672
839453508
