897922716
2872426084
2403471924
2716624416
466236408
2777557236
26592000
3285906624
4771975020
3205062432
7282122276
2957055696
1101613792
3553565760
3284039808
89800704
541940512
408320000
1236969072
361968336
2703281976
799378016
2604864
842019840
2747289600
4877291520
1259919360
5333996160
6951157200
1410083700
1574682120
2535399480
6191554122
317814372
2034961032
2419156224
5682537504
3987648288
776177064
623720448
756036960
4511776032
4948413984
293155200
3468340110
4103528288
3630980376
5678279232
1039102020
998679528
