1854841296
857919600
976433412
455582400
3295267912
1549628808
7381858656
1665243424
3609207576
281189916
2962516480
315032848
531535824
3325934832
1659268800
668460672
72940896
2462446656
1476699120
2099128576
2638657824
1428178404
1341149568
3821089920
1755391680
318303216
2123096188
4543702944
1763179600
147834720
2007149760
255651000
337972320
5832862596
2590594128
1060962816
1186698240
3160080000
795060316
1248800160
3400361616
6988806144
5620578840
823080960
9056068728
1307220352
6377095560
655540128
6652706544
434965872
