1231519744
7345976832
342106480
8552742738
250295256
872444160
1285631424
2146441728
1814876640
671218944
3046950144
3114526896
2205384
5502046608
3725430016
834335544
4677268200
4636642536
1289748736
1243307520
1654444740
527729728
4384030882
1317558528
996641772
4127693760
7692261120
6652706544
18968760
3257762976
3001008384
3327826320
1472817432
46013440
4700951680
1411590096
354581440
257450752
2970068352
1662107040
100499280
590463720
588444480
2467175232
206293162
2561934936
8759519860
75849696
397957248
993523872
