3468340110
1410553548
1634428800
3663991596
1261407312
287884800
2176013208
1281560472
548868960
5768179200
376931544
2431661280
2313650304
422007564
212037600
6150717186
2348236800
1312411680
6271088256
6993275604
3743926400
6006424320
4409573472
2784511864
80984640
1280448000
2948600400
349580448
1806235200
580856192
748256256
1168476478
117772
1499459040
588033600
7316925968
1891510848
956779200
5412254640
4390222272
4522906296
1921699472
4635599232
3177640072
13366080
1096113600
1400975512
13674300
7586007072
2114335872
