2006985600
4098743680
7469249760
2389395296
1103818980
6758862264
158080320
5341238200
2689488960
8328962304
5725969920
887777280
214705920
7044054528
7534108512
1137493140
1252305600
404807040
783271280
1447126240
5837689560
1560355620
7272427200
150669504
26811264
396086446
4675160608
4314540384
2753448768
4978380000
546401760
111555456
157322760
7554058776
5756798520
802014048
1139418720
2734914240
6577735248
641598720
1394078960
874368000
631442976
2552835660
387366000
5886697320
261380064
801674496
4669419216
1324939452
