231922064
1349545680
5585634432
1700531072
4308198400
2394446832
253066176
3492170928
2721338928
1650785472
831744000
9318977664
3974162640
2118850932
199180800
2082637440
7193401020
537192432
1173078816
2209939200
42092286
3517814176
414372148
603040320
550312672
1742357760
944490072
28570896
8555472000
1536244992
1099851168
2935416704
3231366528
800616960
339239680
1256034816
281546496
3244995992
6267720966
2522604672
395692596
2258606592
2403797760
9961200
325394352
4471419792
1984044224
3097859568
3457020000
70306800
