2910985896
477213480
3180163160
660480480
665215488
673284864
55948704
123221440
601274660
1901714560
7632712320
7470415512
2110374000
473383680
978029800
1935623680
1315366776
2128744800
172780320
55432512
1937263944
1326428028
1033344000
1564011072
5980677120
235427904
2683115568
4074926544
5766800256
150802272
8715861708
1596481920
438600960
2603183616
2466434496
1686566160
702354240
856215360
189756000
107907768
230018208
1197235200
664827168
1259427312
623982240
3188568384
2596600332
4534033920
2035438080
2366983920
