94032000
5256416592
4263905832
283942932
66877440
82248156
469476000
3399241600
3003671808
9018298080
1133973984
5235096
2695274400
4082565600
161092260
1332491672
291588192
3411691920
643937280
2877235182
3369967312
371629098
2229756176
1315485360
2290460028
5956961184
5920686010
2787445800
4810657800
1676164320
2729771360
570012264
1869839808
3065839392
594108000
591944152
735718200
1143590400
58276860
7665822208
151075840
7332969000
242092020
975856512
1681680000
3327495820
141797604
1175392920
2081310000
7954492816
