4534033920
1985363200
128731680
3314475778
3737055600
2088104832
10850048
2022961584
730057152
8877420288
3946353600
3978222336
327502260
2557154016
323636080
677747520
228300800
3308781600
6012980640
50000
4450391484
6097100160
3773806080
1025945472
738213084
1956240000
4182809400
2936470240
960130736
143050752
3554942010
7295580640
1418012220
4556696576
4428627840
390804480
1170135120
3042036924
123362640
1094872116
2654395776
2784624000
3367821708
7879775904
443277888
2157511000
832702464
2791804360
32735040
3140487168
