8489122816
2005019280
3100721040
2221320192
4943926156
1749743424
3381318168
857226240
1743095620
323802900
2669764608
1145214960
3196977900
1551256824
187395228
2645223328
2074783680
2601814392
395362440
2357140296
915996312
2716447104
990321120
4575225600
1214640000
439097112
1696865760
413790720
2049177312
2092236760
8493076800
384002808
44674560
3054856032
1665885760
1189969236
2269080000
57346176
655806048
262600704
2242948960
428481360
160551072
3357621504
378180000
3378663424
2271504424
350650368
1738834680
98684928
