526172400
5196391200
1029667680
4386693600
7515325440
5601719200
361233072
112398592
217633248
858339816
1953038376
6732905760
4782286080
4791231792
802713600
7430718240
438900000
1678859178
5559340320
99486712
2956988160
3185593632
2367704640
1277307000
1047660480
40897836
1006442304
2443104440
284618664
921089316
1040697432
548697250
3061285920
828722496
5172662880
7946531124
902156600
2681794912
6575639616
116582400
190848000
2200555072
707239680
5485065984
1693483200
5995411092
259447968
3769125624
4919734272
1109640112
