993707352
4661913240
1407173856
306505176
275236896
251482696
1529505408
204674184
407721600
7370194980
4462254720
89378280
1718239048
1033205760
6190128
987444864
135359748
1063496448
804185536
1288693672
3389644800
1008270216
783533088
785947680
7037271400
135359748
4959068724
9976141696
925299168
950528200
5242273344
44476716
2203376640
1650613608
4598193600
1012842072
319798656
8125793328
598094400
4914217728
746910720
1320675840
94751856
1363446612
102042320
3070857664
1407880218
1152879910
760919040
5108731200
