448652160
2592834552
400446472
8406882720
2696011776
1544882400
914895966
184053760
99456000
3579608088
2742849360
1086238720
4018794444
923614992
3297309408
5024073600
3852511632
4018099848
4923360000
3120344424
1920360960
6413299200
2005642080
3766814136
767620612
1985407200
728895024
1704396288
229946940
463916120
7405749000
1686801120
858096288
7687554160
4962108480
1668998412
4032998488
167189680
1011727872
1861920
512334816
307998144
3844240398
1534616928
7941588480
5999957208
37447680
2258595072
351647872
396025920
