31825
33239
19272
519
2552
52
29
430
1
2
17
10
2
3
12
20
2
17
10
1
4
9
1
9
4
2
6
8
26
8
7
1
2
3
1
21
9
4
9
12
10
10
1
10
5
11
9
11
13
8
1
2
14
2
11
10
4
12
1
17
3
2
1
4
32
1
3
16
2
10
7
2
11
17
3
3
18
3
5
6
6
20
1
8
1
2
9
28
6
12
8
2
16
1
7
17
5
1
6
1
20
6
3
5
6
1
13
3
4
4
2
24
3
1
2
5
12
6
10
9
8
3
3
5
10
1
8
3
2
3
2
8
13
5
13
6
5
1
19
12
1
5
17
1
1
5
1
1
10
12
4
9
2
8
15
7
9
1
17
4
8
1
7
7
17
8
1
7
6
16
1
1
30
2
18
2
18
1
18
5
7
14
2
7
1
19
1
1
19
3
11
6
16
1
10
2
3
8
10
13
1
1
6
2
22
2
3
21
5
7
20
10
3
9
1
6
3
10
3
18
1
3
5
15
8
5
2
2
1
3
13
5
6
2
3
1
3
15
4
5
7
8
9
9
11
20
1
1
4
19
6
2
6
13
2
1
12
3
16
4
18
3
7
1
2
4
19
1
1
1
2
43
8
6
4
7
5
14
16
1
15
1
1
1
1
5
3
1
27
1
24
6
1
3
7
18
2
8
7
6
17
8
10
9
7
1
11
1
4
3
1
10
1
1
17
15
8
7
12
13
3
6
4
1
25
8
3
6
4
1
10
3
1
26
4
15
10
4
10
2
6
8
3
3
1
1
1
12
6
2
1
19
14
8
6
13
10
1
18
2
2
11
10
10
12
7
8
1
6
1
2
7
12
4
7
33
3
4
15
5
1
1
1
9
5
9
9
3
5
21
1
4
8
4
5
20
6
3
2
2
18
5
8
6
6
9
4
10
1
10
3
3
5
1
2
11
5
19
6
1
1
25
18
8
3
9
2
4
1
4
5
1
37
8
10
9
1
11
5
8
3
6
19
5
6
3
9
16
13
10
1
1
11
6
15
13
3
1
7
1
27
6
8
3
6
1
1
5
28
9
6
7
2
8
8
9
11
6
14
9
9
6
10
1
2
7
1
6
6
2
3
26
1
1
1
7
23
1
11
18
3
11
14
13
1
10
2
5
7
7
9
1
2
1
16
9
14
8
2
10
1
4
5
16
3
3
4
14
2
10
1
9
1
1
24
10
2
15
8
12
1
4
17
1
13
16
9
5
11
7
2
12
9
13
7
5
7
6
1
14
2
16
3
1
6
3
1
4
11
3
9
2
3
5
21
4
8
2
3
9
3
4
2
20
1
6
3
2
16
1
12
2
10
3
15
12
8
8
1
11
9
4
3
1
10
1
1
9
14
4
26
1
14
4
5
20
5
1
21
4
1
1
4
11
1
19
7
4
1
17
7
12
2
25
11
1
14
2
1
13
11
6
22
1
1
4
25
1
19
2
4
4
2
1
1
18
1
8
9
12
9
1
6
2
4
4
3
4
13
2
9
2
19
5
2
1
6
19
4
8
8
3
12
6
22
10
6
7
3
8
9
11
1
8
1
7
12
2
10
11
7
4
6
2
1
11
12
15
3
6
19
1
2
11
1
10
4
8
14
1
8
1
16
6
4
6
2
24
3
7
7
5
1
3
1
9
2
1
5
1
15
2
4
17
14
14
2
6
14
8
1
20
2
3
11
10
1
2
5
15
7
20
12
10
3
4
22
6
7
9
2
8
11
8
2
1
6
13
3
1
11
1
19
13
2
1
1
12
1
13
6
11
11
1
4
1
7
6
1
16
16
1
8
16
6
7
1
24
1
7
2
16
1
21
1
14
8
1
18
2
4
22
1
11
15
3
1
3
3
4
30
3
2
12
1
1
10
3
4
17
5
13
7
1
1
5
11
20
11
14
1
12
3
3
22
1
1
11
9
9
8
7
2
18
10
12
8
1
13
1
17
1
1
1
29
13
4
6
6
1
11
4
2
14
14
5
9
1
18
4
2
6
2
19
1
1
5
9
18
3
3
9
5
5
22
1
12
8
4
1
13
1
6
12
2
1
17
5
3
4
4
9
6
8
5
6
5
4
9
2
4
4
3
19
20
3
1
1
2
22
17
2
22
2
1
3
2
29
6
9
4
1
7
5
15
6
1
12
1
1
6
16
9
1
1
11
3
2
5
6
12
1
8
15
1
1
5
12
2
12
9
4
10
4
1
8
5
4
10
1
25
3
1
10
1
5
4
9
4
1
