22274
20391
7320
2997
4934
13025
5147
196
194
283
78
340
51
6
4
13
16
1
8
12
12
3
16
5
9
15
11
4
6
4
1
5
15
7
15
1
3
8
1
6
6
31
7
3
2
6
17
1
9
3
6
1
9
10
11
3
3
1
2
6
4
6
18
4
7
4
15
5
15
1
4
1
9
13
9
12
1
6
8
8
25
1
14
4
4
7
21
1
8
6
1
14
1
3
10
7
9
12
2
8
3
3
15
5
4
7
1
2
2
1
1
36
1
8
2
2
1
1
1
12
9
7
6
1
5
32
3
3
16
5
8
2
1
12
6
6
1
14
1
13
4
10
4
2
13
10
1
6
8
3
4
15
7
1
1
22
1
19
1
3
1
7
1
20
3
15
1
18
1
9
7
23
10
6
13
4
4
26
8
5
5
6
6
7
7
1
5
3
10
3
9
2
5
1
8
2
9
10
3
12
9
11
3
6
1
3
4
7
22
1
4
23
2
2
3
9
6
3
5
2
10
12
6
12
13
1
6
12
9
1
1
22
2
3
2
7
17
1
12
7
4
2
5
27
4
1
2
3
12
8
10
1
1
10
9
22
5
19
10
1
10
8
1
10
2
1
11
26
1
1
22
2
13
1
6
8
4
3
1
21
4
1
4
12
3
21
7
16
1
19
4
10
1
4
1
19
11
3
8
2
1
15
5
8
1
1
12
11
2
18
15
2
2
20
5
8
7
1
28
9
4
12
7
9
1
3
1
1
5
15
1
6
13
7
7
11
3
14
3
19
1
2
4
5
18
5
9
11
16
5
2
7
2
3
11
3
3
3
1
19
5
10
3
5
1
12
8
4
1
23
11
6
8
15
2
12
7
9
2
11
1
1
1
3
22
19
11
7
2
1
2
11
6
13
1
9
5
24
1
7
11
16
4
5
18
1
11
1
5
8
7
21
4
1
12
10
8
17
12
8
4
1
1
2
17
2
2
10
7
11
5
1
4
16
1
4
1
12
9
1
25
7
8
9
1
1
5
1
14
1
1
5
3
1
14
1
1
19
1
1
1
5
9
3
4
2
19
7
7
7
24
2
10
11
1
10
7
1
1
16
9
21
17
3
1
6
1
10
6
7
7
8
17
3
9
3
6
13
1
1
19
21
1
15
17
5
6
4
1
16
1
5
2
4
2
1
1
11
13
3
19
2
1
1
1
3
14
17
13
7
10
7
1
1
8
2
1
22
18
8
6
4
4
1
22
4
1
11
1
4
16
1
12
1
10
4
15
3
8
4
1
13
5
2
13
8
13
3
1
7
4
11
4
10
13
3
1
18
9
8
1
7
5
6
2
26
12
10
6
14
12
2
10
4
22
1
1
2
17
6
1
5
8
12
13
12
1
8
8
1
1
14
9
4
1
8
1
9
8
3
2
13
10
1
8
1
10
11
6
1
3
11
18
1
8
8
1
11
8
28
6
8
1
1
3
1
5
6
1
3
1
33
9
11
2
5
1
4
2
8
12
2
17
1
20
10
4
5
7
9
4
1
6
8
6
6
9
9
9
11
6
5
2
9
6
13
1
3
7
15
1
6
2
1
10
5
1
7
6
24
12
6
2
2
17
11
7
1
1
21
7
7
6
7
8
8
6
5
1
4
19
2
19
13
1
3
4
2
14
8
7
7
15
1
3
8
8
12
9
1
21
1
12
3
1
10
6
6
2
4
17
2
1
10
6
12
5
10
8
12
6
1
23
5
3
2
7
26
3
7
3
1
6
14
2
21
1
16
8
5
2
2
14
7
6
17
2
3
7
7
7
2
12
15
14
10
3
10
13
8
2
16
7
1
1
13
9
1
11
1
25
4
12
2
5
13
7
6
16
7
3
24
6
3
1
11
1
6
15
1
14
5
6
21
1
7
3
6
8
12
7
5
6
7
12
2
13
18
4
5
2
16
1
1
1
41
4
1
12
3
12
1
1
2
28
1
12
17
1
1
24
5
2
7
14
1
22
8
6
1
14
19
2
7
13
5
14
1
3
8
7
1
11
15
14
6
1
21
10
8
4
1
9
2
9
3
1
7
2
3
1
4
6
1
7
2
7
5
1
11
12
4
1
15
1
1
16
21
1
1
25
1
3
17
1
2
15
6
3
1
1
4
13
1
1
7
10
17
5
7
1
4
4
6
1
1
7
22
2
5
19
11
18
1
1
17
2
24
13
9
5
6
8
7
3
14
6
2
8
1
3
11
1
4
21
10
8
14
10
2
4
6
1
1
10
10
20
3
7
12
