19153
9000
990
523
527
59
1
1
3
3
7
3
14
13
5
13
4
6
3
15
5
2
6
4
1
7
18
1
12
1
4
16
6
4
1
6
15
6
1
25
10
1
12
14
9
4
1
7
2
10
4
18
1
23
10
1
4
8
5
11
14
10
1
14
12
17
4
3
16
8
8
11
1
1
4
7
11
12
10
12
2
11
5
1
1
5
5
24
10
5
1
2
8
8
1
5
2
3
10
10
3
2
1
1
3
17
1
21
9
5
2
1
15
10
1
2
12
11
4
7
7
6
1
1
8
7
22
12
7
10
1
9
1
1
4
5
28
2
5
18
5
10
15
5
10
12
5
7
2
3
8
25
1
2
4
1
4
14
12
5
16
9
11
7
9
1
8
1
22
15
9
5
12
9
3
10
8
10
3
9
1
4
9
11
14
21
10
10
1
13
6
6
20
1
10
13
13
3
5
4
11
3
10
10
10
3
5
1
15
14
3
1
5
1
2
28
7
1
1
7
4
12
1
14
1
19
7
7
9
14
1
4
13
6
7
6
14
6
1
1
4
3
3
21
9
8
3
9
5
12
1
3
5
3
4
11
18
1
8
9
1
28
9
3
1
8
3
2
10
1
10
1
16
7
1
15
3
2
4
29
1
10
18
2
3
9
16
15
2
9
1
1
17
2
18
2
16
1
8
16
4
1
14
15
6
7
11
6
1
15
2
4
3
1
27
7
1
31
1
1
5
5
15
9
1
1
17
16
1
9
10
4
12
2
14
4
16
14
8
1
4
2
16
12
1
8
1
10
8
1
20
3
10
9
2
2
25
5
20
10
2
8
3
2
27
1
11
4
8
2
4
12
4
4
8
7
17
1
1
3
13
23
1
7
4
1
23
12
4
12
13
4
1
3
8
6
12
1
1
1
4
7
14
3
8
5
11
1
9
11
12
7
7
7
5
13
10
8
5
1
1
5
26
11
10
2
6
20
1
4
21
1
8
5
6
6
11
1
9
9
13
2
3
11
1
13
10
5
11
9
13
1
1
3
23
5
13
13
4
12
3
14
4
2
15
4
10
13
13
3
1
11
3
3
2
1
17
1
4
24
1
5
7
3
5
3
2
13
3
9
12
9
8
6
3
3
17
3
8
5
11
1
2
2
13
3
30
1
14
9
9
1
1
5
1
7
5
10
11
6
3
2
13
5
2
1
5
1
2
1
1
13
19
1
18
7
1
1
2
11
2
2
9
1
15
7
23
1
8
1
15
19
5
1
5
1
24
1
1
1
27
7
2
9
10
3
8
8
5
6
13
5
10
1
15
12
1
17
3
17
8
1
11
14
1
3
10
1
17
1
1
1
6
7
19
1
11
1
2
4
3
11
3
5
10
2
2
1
7
27
7
1
1
12
2
16
7
1
2
3
4
8
6
1
6
19
1
1
1
1
1
1
17
13
8
10
15
1
18
17
9
7
4
1
13
16
7
6
15
6
9
15
12
1
4
9
13
1
3
11
12
1
17
5
2
4
5
9
1
2
9
3
4
15
8
11
3
16
6
8
10
3
7
9
1
5
2
7
12
1
1
1
4
4
2
7
1
17
2
16
3
7
7
7
4
7
27
1
2
11
9
9
4
8
14
1
14
1
19
2
6
3
6
24
3
1
9
5
22
1
1
2
23
9
1
14
8
16
4
2
23
2
8
5
9
15
2
11
1
1
17
7
12
8
1
11
11
1
6
14
2
1
1
12
1
1
8
3
1
14
14
9
11
10
9
1
10
9
2
9
14
1
12
1
4
11
12
2
17
9
13
1
1
8
1
2
21
12
3
5
21
8
10
1
8
1
4
17
1
19
2
9
1
21
1
3
7
23
1
1
9
10
2
9
2
7
11
8
18
4
2
13
2
2
2
35
1
8
20
1
2
21
5
2
6
7
12
9
6
11
1
1
5
5
7
4
22
20
1
1
19
18
2
6
2
7
4
5
22
1
2
20
11
3
1
13
3
4
20
5
6
2
1
2
2
1
17
2
2
16
5
7
13
4
10
1
13
6
10
8
12
14
4
3
21
1
1
7
4
7
22
2
6
9
4
24
1
10
1
5
6
12
3
9
3
3
1
1
4
17
22
14
10
1
1
3
1
26
1
13
8
1
8
1
1
2
11
18
1
9
6
10
9
1
11
1
2
2
10
21
9
1
11
17
6
1
1
3
18
12
1
4
15
2
2
23
1
4
2
8
14
1
6
29
1
8
2
1
21
9
6
4
15
2
17
2
13
8
1
6
