9154
894
4623
3407
673
2274
498
1960
430
41
12
452
72
289
18
9
29
1
12
5
25
1
19
1
13
13
8
4
9
2
14
16
4
1
5
1
12
12
7
12
10
2
3
8
6
1
5
10
4
3
12
1
2
6
3
10
2
4
12
7
12
17
1
8
5
2
8
24
1
11
14
3
1
6
10
2
1
4
1
6
1
3
1
2
19
1
6
12
1
6
10
9
5
3
17
1
3
25
1
6
1
1
31
10
4
5
1
3
6
19
9
10
2
7
11
5
10
1
9
1
13
13
1
10
24
4
3
9
2
19
10
8
2
7
13
8
7
18
8
2
1
9
4
4
10
2
7
21
6
7
13
1
1
6
14
1
15
8
9
7
3
1
1
3
20
16
1
1
1
7
1
2
34
9
3
1
21
3
1
21
2
1
3
1
15
3
14
7
12
9
1
17
3
1
11
13
1
9
1
8
1
12
14
1
1
6
2
4
4
12
1
15
5
4
7
4
1
6
1
22
1
11
3
26
13
4
5
4
4
7
12
9
1
10
8
1
7
11
6
8
8
3
2
15
1
1
8
2
1
2
3
1
12
25
8
12
2
15
9
7
18
8
7
1
17
6
2
2
3
16
2
11
3
13
5
4
5
8
1
18
10
12
1
1
11
6
10
1
1
8
8
1
21
4
10
7
8
4
7
9
8
6
6
1
8
3
2
13
20
7
7
8
1
7
1
1
5
6
1
7
20
10
10
10
6
10
3
11
3
6
5
10
15
3
1
6
6
20
1
24
12
1
6
1
1
1
17
3
3
1
7
11
2
3
3
10
2
23
8
8
14
9
5
1
10
24
5
8
1
16
2
14
1
13
9
5
1
11
10
17
1
1
18
10
7
5
4
16
6
16
7
9
2
6
2
2
4
1
17
1
2
8
3
1
1
18
6
1
14
1
1
11
11
2
16
7
3
5
1
1
3
32
5
8
3
1
4
1
2
14
2
29
8
7
3
13
13
1
2
1
5
6
28
2
1
12
4
1
22
4
7
10
7
8
1
5
8
6
1
20
2
1
15
4
1
11
9
8
3
15
1
19
4
3
1
9
13
1
20
13
9
3
2
1
22
6
1
22
1
5
2
24
2
13
9
2
12
11
4
16
3
14
4
1
1
13
1
9
11
10
8
4
12
9
6
20
9
2
2
1
18
4
11
1
16
4
16
2
11
2
20
7
2
3
6
4
1
10
1
9
25
13
1
4
1
16
15
1
2
13
5
7
8
1
1
10
1
11
7
4
2
7
9
3
1
3
1
6
16
6
12
3
2
9
10
4
17
6
1
4
1
15
22
7
1
18
2
5
9
1
1
21
19
11
12
12
5
1
2
5
12
12
7
10
3
12
16
10
3
8
1
8
20
11
1
2
11
16
2
7
18
14
3
2
17
12
2
1
23
1
4
6
11
13
1
3
9
10
18
14
5
1
12
13
2
4
9
12
1
7
1
8
1
1
15
5
10
1
2
3
13
18
4
1
1
6
18
1
7
5
3
32
7
6
4
3
13
2
13
13
1
12
2
4
6
16
14
2
11
2
4
4
2
21
1
9
11
1
2
24
4
15
9
1
6
6
3
5
17
2
2
6
11
15
7
10
2
8
4
20
1
2
9
3
6
12
10
2
1
6
6
10
7
10
1
1
1
1
2
27
6
7
10
21
8
9
4
4
23
2
6
8
10
16
1
6
17
1
12
3
21
5
1
6
15
2
17
5
10
1
11
8
9
7
11
6
14
1
13
5
16
3
5
8
9
9
9
2
1
3
7
26
6
13
1
5
2
5
8
4
23
1
12
18
13
3
1
2
6
7
1
18
7
1
5
1
24
13
18
1
3
6
7
10
1
1
10
4
5
16
13
13
4
7
3
15
3
14
6
1
8
2
6
1
1
21
15
7
13
5
5
9
4
1
1
3
15
1
18
12
4
6
1
6
4
15
1
5
8
1
3
4
13
5
19
4
15
13
6
8
7
20
1
4
7
1
2
15
7
16
3
3
13
5
1
2
1
9
7
1
16
12
14
4
5
3
2
16
3
14
5
4
4
3
34
3
1
2
12
7
1
10
10
1
4
1
4
26
1
1
5
1
1
5
26
1
1
5
1
2
22
1
13
14
4
1
8
5
15
1
19
2
3
7
2
6
7
3
1
2
10
5
32
1
10
6
1
11
5
11
17
3
3
21
15
6
3
12
14
1
4
16
13
2
16
1
1
16
11
1
7
10
16
6
7
8
10
4
15
6
