7732
291
881
895
262
12
22
1
14
21
2
6
6
2
1
8
7
14
1
5
1
26
10
3
10
1
14
3
17
1
14
6
11
3
9
1
3
5
11
8
1
3
3
5
1
25
18
4
17
1
1
10
7
19
10
1
7
14
1
2
8
1
4
13
9
2
1
1
3
8
7
1
12
1
30
4
6
2
31
1
11
2
2
5
1
7
12
3
13
1
3
10
1
3
9
12
8
6
5
1
1
4
13
9
2
16
10
1
22
11
3
7
15
5
2
1
15
1
4
1
2
6
18
1
18
10
10
2
9
5
6
6
19
9
5
8
13
9
6
3
9
19
1
7
7
9
12
2
9
9
9
1
9
17
13
10
4
5
1
11
2
6
4
17
10
1
29
12
1
16
4
2
10
1
9
13
9
5
3
15
4
23
5
2
1
18
14
2
8
2
20
2
5
6
21
17
3
7
3
6
7
12
1
2
15
4
12
4
1
19
1
14
1
25
10
5
11
10
5
1
5
1
10
1
7
13
18
1
2
16
2
3
17
9
7
6
21
6
9
4
13
1
10
2
7
1
4
3
22
1
10
1
1
25
1
11
1
7
1
1
8
1
20
18
4
1
3
4
29
2
20
1
6
1
7
4
10
9
1
3
19
1
5
2
13
10
4
7
6
2
2
2
19
2
8
7
12
3
4
2
1
1
6
15
2
1
1
8
15
15
1
3
17
1
7
10
2
5
13
15
8
14
1
11
17
5
5
2
4
2
4
22
3
16
15
9
2
10
22
10
7
13
1
14
4
1
4
28
11
2
8
4
18
11
2
9
1
12
6
15
1
1
9
2
23
8
5
3
1
21
6
7
1
1
1
7
5
2
1
1
2
28
5
2
3
3
1
1
5
11
1
1
13
5
1
13
4
2
3
7
14
5
5
1
2
15
18
2
4
7
1
13
6
7
3
21
13
1
6
23
1
3
1
5
1
4
10
1
1
5
5
8
1
15
1
4
8
1
2
4
11
22
11
1
16
8
15
1
17
1
5
17
8
5
8
5
1
12
1
16
6
4
1
9
13
9
1
1
7
15
9
1
17
2
4
1
1
11
6
13
11
5
4
10
4
7
3
10
3
11
13
5
1
12
4
17
18
7
8
2
9
1
10
12
8
8
7
26
7
1
9
12
12
1
1
23
9
4
3
10
7
4
9
5
4
8
19
10
6
2
23
8
6
13
12
13
5
9
6
14
3
17
9
11
1
7
1
20
5
4
16
1
6
2
16
1
2
13
6
1
4
20
1
9
8
16
12
4
1
8
7
7
5
13
3
11
5
1
4
4
1
3
9
9
9
5
5
8
5
10
7
11
12
4
1
1
10
1
1
17
4
5
17
1
18
3
1
1
22
3
1
18
2
3
9
1
21
2
10
15
6
10
7
3
6
23
16
1
2
13
4
14
4
13
1
1
16
1
3
14
13
2
17
4
1
10
22
3
5
12
4
9
6
3
5
1
22
1
12
1
4
4
1
10
14
13
2
9
11
9
3
1
1
32
1
3
14
1
9
2
6
10
1
7
7
1
1
13
1
12
7
11
6
22
2
7
7
1
3
3
8
24
9
2
3
10
9
4
14
11
8
2
4
13
3
1
7
23
4
14
6
4
4
2
16
9
4
13
11
1
1
4
8
3
7
2
19
16
6
10
3
3
17
7
4
7
6
2
8
8
11
6
11
7
1
5
8
1
14
15
1
7
4
7
15
1
12
7
2
8
2
7
1
3
7
15
6
14
1
1
6
12
6
1
14
4
1
13
1
2
16
14
8
14
1
10
5
27
5
2
5
9
1
23
4
2
24
4
1
12
16
9
6
4
4
9
5
6
2
4
19
12
3
8
4
8
4
8
15
8
19
1
3
2
34
1
16
2
14
9
13
5
7
11
5
3
5
4
3
7
25
15
15
1
10
4
6
12
2
7
1
10
9
15
9
1
4
5
1
1
22
2
1
5
6
1
1
9
18
5
19
2
2
7
7
7
5
1
2
20
2
7
4
1
14
20
6
3
1
4
1
5
8
11
1
1
4
12
13
9
8
12
7
9
8
1
8
14
3
1
1
1
2
3
2
13
1
10
12
12
2
10
4
11
11
1
11
5
1
17
5
6
6
7
7
1
1
20
4
1
26
8
1
1
1
3
1
12
1
5
11
1
2
11
7
1
14
2
14
5
2
11
1
19
7
6
5
1
1
1
13
4
15
10
4
2
17
4
4
7
5
21
8
6
5
26
9
6
4
8
