51660
25029
5276
41
99
368
453
350
167
83
21
18
9
3
8
3
3
20
1
20
12
3
9
19
8
5
1
3
5
5
8
5
1
16
5
6
1
3
11
6
14
5
16
2
18
4
1
17
12
2
19
3
4
10
11
1
9
7
14
4
2
2
1
1
9
1
7
25
18
1
1
1
31
6
2
6
2
13
14
3
15
5
15
4
5
2
10
10
21
1
3
2
4
15
3
13
11
1
1
1
6
1
15
1
7
19
1
10
3
1
3
2
1
3
2
22
2
4
15
8
22
1
9
1
3
16
8
2
1
4
16
2
10
1
10
11
11
1
2
9
3
1
15
16
1
5
6
13
5
9
10
4
1
20
1
16
1
19
3
11
5
2
2
1
10
2
1
1
3
10
6
10
8
6
10
1
1
1
12
23
10
1
19
2
1
20
15
3
5
16
4
9
10
3
1
13
6
7
3
1
10
3
3
1
1
25
7
15
12
9
5
3
6
20
5
10
2
10
1
3
21
5
8
2
5
3
3
2
19
1
4
18
8
11
5
1
5
22
1
2
3
32
1
14
3
20
5
1
20
1
13
7
1
5
3
4
28
8
8
1
9
7
19
1
8
4
4
19
5
1
3
10
23
11
2
19
1
4
5
1
7
10
13
9
6
17
6
1
1
7
1
5
2
8
21
5
5
8
4
2
1
1
3
4
11
15
12
6
2
19
11
7
1
7
4
24
10
9
1
1
2
18
13
6
9
1
11
13
14
1
2
1
12
3
8
5
3
5
3
2
7
1
29
2
1
1
3
4
17
5
14
4
14
10
5
8
9
2
14
1
1
2
1
12
10
4
9
1
9
4
5
1
20
2
2
4
9
1
1
1
31
7
1
1
4
9
14
4
20
7
3
10
3
3
6
9
6
18
1
5
17
13
13
9
1
2
1
16
11
9
2
2
2
1
2
10
1
1
9
12
6
1
1
3
14
1
5
14
9
1
8
20
15
4
9
11
2
8
1
7
3
5
1
5
24
13
1
7
3
7
11
2
15
19
9
1
1
15
7
12
6
3
1
5
11
2
9
1
2
1
21
2
18
5
2
2
1
5
23
14
11
10
3
12
1
2
4
8
1
2
2
14
1
2
6
9
17
2
14
9
1
14
7
3
14
5
3
6
1
11
2
8
28
1
3
1
1
27
2
3
3
5
5
9
9
7
9
14
9
7
8
7
7
4
21
2
4
13
5
5
16
19
10
1
13
6
6
20
4
5
20
8
1
1
12
11
1
10
13
6
1
8
1
2
3
5
8
8
25
7
11
9
7
4
1
15
23
4
15
2
5
6
20
1
19
6
2
11
5
17
1
1
1
1
11
6
1
22
7
3
14
2
15
1
2
1
13
13
3
9
1
13
10
13
9
5
8
1
21
4
1
14
9
1
1
20
1
3
13
8
4
12
18
3
17
7
4
1
18
5
1
13
6
1
17
2
9
22
2
6
25
1
1
4
9
1
6
16
9
1
7
25
1
1
4
13
1
17
2
3
7
10
6
14
3
16
19
11
1
1
2
4
19
4
34
8
2
18
1
7
1
4
10
13
6
8
7
2
7
2
17
3
1
3
2
16
2
6
30
1
5
3
3
9
16
3
5
4
4
17
1
11
7
3
21
7
9
3
15
3
4
7
13
5
8
17
5
11
12
8
2
6
1
14
10
17
1
5
8
1
7
1
2
1
18
11
4
7
15
11
12
1
7
4
2
10
12
8
8
10
6
3
2
7
5
18
1
2
2
5
8
7
1
1
14
9
18
10
16
3
2
12
2
14
3
1
32
3
8
10
1
10
12
2
20
7
6
5
19
1
1
8
2
1
10
3
1
1
10
4
15
6
3
1
14
1
8
5
4
29
4
8
1
22
7
1
4
20
8
1
2
5
4
1
10
1
6
1
1
8
10
1
5
6
5
5
2
6
16
4
2
14
2
1
25
3
22
9
11
9
8
1
5
1
6
7
1
15
9
1
5
3
3
7
10
5
8
2
1
14
14
7
6
2
2
1
32
5
3
3
1
11
17
1
13
8
2
12
2
2
8
2
10
19
4
5
19
11
1
1
8
5
3
29
1
1
5
12
9
1
13
1
1
9
24
13
1
8
1
5
4
9
3
32
13
2
8
7
2
5
2
14
3
25
7
1
2
17
1
12
8
8
8
1
3
2
12
6
4
6
9
6
16
10
11
5
16
2
8
16
1
8
13
7
5
8
1
9
1
18
4
1
4
17
9
5
12
2
3
21
