53772
16175
1470
210
91
88
9
4
9
6
13
1
1
3
2
9
16
12
1
2
4
20
13
2
1
21
9
13
1
13
8
6
16
7
4
6
1
9
11
1
19
1
9
1
1
3
6
1
21
2
5
12
2
22
19
1
16
1
1
20
10
17
8
3
14
4
4
22
5
14
2
1
2
9
13
12
4
16
9
15
4
3
2
3
17
1
13
6
13
8
11
6
1
12
3
4
8
7
1
3
2
16
3
3
6
2
18
1
2
2
18
6
1
1
20
7
1
8
5
4
2
1
6
9
3
11
2
24
3
1
6
15
2
13
3
10
4
5
13
10
8
2
1
3
14
4
4
1
3
2
3
8
11
1
8
14
30
2
1
11
11
1
3
25
1
16
9
2
5
10
10
3
3
4
4
3
6
32
1
8
17
7
1
21
7
12
3
3
2
10
13
7
5
15
13
1
6
2
10
1
17
15
8
4
1
11
3
23
12
9
1
4
1
22
2
6
9
1
7
1
4
11
9
9
11
2
7
3
3
21
8
2
21
1
8
7
2
24
18
7
2
1
12
4
1
1
17
16
8
5
4
4
6
1
11
2
5
10
7
2
12
9
11
5
5
5
4
11
5
5
14
9
2
7
4
11
1
3
25
3
4
9
11
3
8
1
2
1
19
4
1
16
2
6
2
7
1
6
1
8
11
4
9
10
3
7
9
1
1
15
4
19
9
3
3
8
7
7
4
2
6
1
5
21
5
3
6
11
13
3
8
1
1
9
19
2
14
20
13
8
1
15
1
5
2
12
13
5
7
8
11
4
7
3
1
24
4
5
5
13
7
2
3
1
1
15
1
1
1
19
4
2
25
5
3
1
5
6
6
4
6
1
7
1
3
1
23
3
21
1
1
3
9
1
2
13
3
6
2
1
7
3
5
4
1
7
1
1
49
2
1
12
3
8
5
1
1
9
4
2
13
2
10
15
6
1
1
21
16
4
2
11
1
15
8
9
3
6
7
14
6
4
12
2
11
5
6
1
12
6
1
24
6
3
1
6
1
1
1
3
2
1
7
15
8
3
2
1
9
13
1
7
1
6
1
1
1
11
29
1
1
5
7
7
6
2
6
32
4
6
3
20
2
1
6
15
1
1
7
7
1
1
29
6
9
15
1
21
1
1
13
9
1
6
7
1
12
1
8
4
1
9
1
3
11
1
8
13
14
1
8
4
14
7
8
1
3
17
7
21
1
17
1
20
2
6
8
12
9
10
1
7
6
14
1
3
12
1
1
7
6
1
14
15
3
2
7
9
15
11
7
15
2
12
3
16
6
2
14
1
5
3
11
15
11
8
12
6
2
6
3
3
18
1
14
10
18
7
1
2
16
1
6
2
4
1
2
1
3
14
2
1
1
9
11
16
5
11
8
3
3
2
8
13
3
14
6
16
6
1
6
7
4
7
2
11
1
1
8
1
4
15
3
32
8
17
7
7
16
16
2
18
10
3
4
9
4
1
4
1
3
17
2
1
5
5
11
16
8
1
3
1
1
6
5
16
4
14
1
10
2
4
4
2
13
1
2
36
2
9
6
22
5
3
5
7
1
12
15
6
1
20
9
4
17
1
7
4
19
16
7
2
3
6
6
6
12
5
11
7
15
3
9
1
1
3
1
3
1
1
1
4
9
6
2
12
8
1
1
4
3
5
6
1
25
2
1
6
20
4
4
1
18
2
3
1
5
16
2
11
12
7
4
6
1
18
7
5
13
1
12
2
2
4
16
6
3
22
3
14
12
6
10
1
15
2
7
6
16
6
1
13
11
4
2
10
13
9
3
14
2
12
6
1
7
7
12
7
25
4
10
11
1
1
23
1
1
4
2
13
3
8
22
1
1
6
26
4
1
9
13
13
9
2
17
8
9
6
9
1
7
1
21
2
11
1
1
5
6
16
1
9
15
9
1
4
2
19
7
1
1
22
14
1
8
1
3
5
2
1
10
7
2
17
7
8
3
6
19
10
11
7
2
1
3
2
17
10
2
14
10
1
4
10
13
26
5
6
8
2
12
1
4
1
15
3
13
3
4
7
10
9
4
28
3
1
11
8
2
6
16
8
4
2
6
29
3
1
5
4
20
9
13
12
10
8
3
1
10
14
9
4
1
1
16
5
3
13
3
7
16
7
28
10
6
2
18
12
5
1
1
18
11
4
1
9
1
7
10
7
1
6
10
4
25
8
9
5
3
14
3
6
10
12
8
6
11
9
9
1
11
8
5
2
13
12
4
9
4
1
