41100
43446
748
1758
176
11
5
8
7
14
1
9
14
8
1
1
5
7
4
23
19
6
4
1
10
3
6
1
7
16
6
12
5
1
2
3
4
4
33
3
1
3
4
12
10
5
3
1
4
3
29
1
2
6
22
8
5
9
14
9
3
13
1
10
1
11
3
13
5
2
26
8
9
9
5
15
9
1
1
9
1
22
3
6
5
18
4
14
3
1
8
13
1
2
6
1
3
2
16
6
7
11
1
6
1
5
1
13
3
30
11
2
17
10
8
2
7
4
6
3
7
11
2
11
2
9
4
5
12
12
3
10
4
8
4
14
4
8
4
6
1
1
1
4
2
17
1
5
10
12
1
3
11
11
13
8
6
2
4
9
1
19
5
4
18
7
11
4
3
19
14
1
1
2
1
15
7
9
4
18
2
2
2
12
32
1
1
12
8
12
1
13
8
10
3
22
5
2
1
3
14
2
4
20
8
14
1
4
15
1
7
1
6
5
5
14
17
2
1
2
13
1
5
1
4
16
1
3
8
12
9
10
16
7
1
12
1
1
1
7
3
10
9
2
7
7
6
11
1
1
3
17
3
1
25
1
5
2
4
19
8
7
12
2
1
2
1
8
8
1
1
14
2
2
7
10
19
9
5
2
1
4
11
5
1
3
1
1
24
1
3
4
26
2
11
2
4
4
7
6
13
9
3
1
3
14
1
27
2
2
1
1
20
3
18
1
8
7
2
3
3
4
12
1
1
10
1
3
19
4
16
4
8
5
3
1
5
1
5
20
6
6
2
3
1
10
13
1
17
1
3
11
3
2
4
2
1
40
18
11
11
9
1
10
1
15
12
15
5
1
6
7
2
6
2
12
6
1
25
16
9
1
8
9
8
5
2
10
2
6
1
1
5
10
21
1
2
6
3
1
8
23
3
3
1
22
4
11
4
8
16
7
3
18
6
1
14
10
3
1
1
16
5
8
7
18
6
17
1
9
3
8
14
17
3
10
4
1
9
1
12
1
4
1
12
10
25
4
1
4
1
1
22
1
6
6
2
9
1
25
8
10
3
11
10
5
1
16
6
8
7
4
1
4
5
1
3
6
8
10
12
10
1
1
4
19
16
2
9
5
1
30
3
12
1
21
7
5
9
2
13
6
13
6
6
1
1
8
5
3
1
12
3
15
9
2
17
11
6
4
3
2
4
13
8
7
3
18
5
5
9
4
1
1
2
11
20
2
16
4
1
1
6
6
5
2
2
17
7
3
2
1
5
2
7
21
3
1
8
6
2
8
1
4
4
9
16
15
1
2
1
1
1
35
6
1
13
1
11
6
5
6
13
6
2
1
12
12
12
11
1
1
6
4
8
1
20
2
3
21
3
4
19
4
7
2
12
4
5
8
3
24
12
3
1
13
1
1
5
5
11
4
1
24
6
7
4
2
5
4
26
10
1
1
23
1
1
1
4
6
1
1
1
26
1
2
2
4
10
8
3
17
7
7
6
2
9
4
20
12
3
14
5
13
13
4
8
1
5
9
11
6
1
2
18
3
11
12
4
2
12
10
5
5
14
6
14
1
1
4
14
10
1
2
1
3
4
8
5
10
13
4
2
4
11
13
17
15
2
9
1
14
1
1
9
1
10
10
5
3
1
11
1
18
12
7
3
4
1
1
11
10
8
10
3
11
13
3
11
1
18
7
9
8
4
5
4
1
24
8
3
1
1
13
12
3
8
3
15
8
13
1
7
7
9
8
7
8
7
8
2
23
1
10
15
10
1
1
1
12
1
2
5
14
1
19
7
13
9
12
1
4
3
13
1
2
1
15
4
8
7
5
17
5
6
8
1
5
1
5
3
4
4
2
26
13
11
1
2
1
15
2
4
9
12
1
19
13
1
1
3
19
16
1
12
10
10
8
6
6
17
12
1
18
5
8
1
4
13
9
18
9
1
17
6
1
3
1
4
1
23
12
4
12
3
2
22
10
9
7
11
11
1
1
18
15
12
1
8
5
5
12
12
5
2
9
3
6
15
8
2
7
1
13
3
25
7
2
15
5
13
7
1
18
1
10
3
19
5
1
2
5
8
10
1
31
4
14
2
6
16
1
12
1
11
18
6
3
1
2
11
3
14
28
10
3
6
11
10
1
2
7
4
14
6
6
6
10
4
4
6
10
11
3
24
1
8
10
1
12
3
8
2
3
2
3
4
7
26
7
1
1
7
18
7
12
6
3
1
19
3
2
10
17
1
1
6
1
3
5
3
4
16
11
3
12
2
2
7
2
