17749
1987
78
17270
2151
287
204
2
4
4
1
4
10
7
13
5
4
10
11
7
1
3
10
3
9
16
17
7
16
1
14
2
15
8
14
6
13
1
2
2
3
11
18
7
20
1
21
1
3
3
18
6
5
1
7
5
3
3
2
7
18
20
12
3
1
3
6
1
6
4
8
9
1
16
6
9
1
2
1
10
1
8
3
12
1
1
1
18
15
6
2
15
4
1
16
19
4
8
1
9
19
2
1
15
8
2
1
18
4
13
3
9
8
8
18
4
2
17
3
12
1
4
3
4
10
4
13
19
4
10
5
4
16
3
1
30
4
16
7
1
12
13
4
1
4
1
43
7
2
3
8
1
18
9
5
1
1
6
10
7
4
10
1
14
1
5
7
11
10
2
18
1
3
7
6
8
2
13
7
18
1
1
24
1
6
1
3
10
6
1
11
3
15
1
5
1
3
1
9
9
13
22
1
1
8
11
1
2
2
4
5
6
27
12
7
4
6
1
3
11
8
10
7
2
7
8
21
13
6
2
7
6
19
1
6
1
18
15
7
13
8
4
1
7
21
16
11
1
8
13
2
1
19
7
4
9
2
1
3
1
1
13
10
2
6
1
16
2
7
3
7
24
2
16
5
2
3
3
19
10
2
8
10
10
2
1
25
1
10
6
25
1
1
1
9
6
17
3
13
8
4
18
7
2
1
16
10
4
6
3
2
16
8
1
19
1
19
3
1
2
24
5
17
1
9
1
2
24
2
7
8
3
1
4
12
13
13
10
7
5
7
21
6
2
3
21
11
4
1
1
19
2
11
16
2
1
10
12
14
12
7
1
2
2
23
9
13
8
8
8
1
2
17
5
11
1
16
1
3
10
6
9
19
6
1
14
15
12
7
4
1
7
2
4
21
1
1
14
7
3
6
5
16
1
1
2
9
16
2
27
5
8
2
13
19
10
6
11
3
7
1
9
15
4
13
1
8
12
20
4
1
7
8
9
2
6
14
9
12
2
14
15
4
7
9
1
5
21
4
4
19
1
2
28
1
5
19
1
21
1
1
8
21
5
1
2
4
16
23
10
8
3
1
3
7
4
25
2
15
2
3
1
4
2
4
15
1
1
8
5
16
1
1
12
15
1
8
1
2
11
7
22
1
1
13
1
5
1
15
1
3
5
1
21
3
17
1
4
19
12
1
15
1
3
1
14
5
19
7
8
20
3
1
19
1
7
2
15
5
6
7
15
6
3
2
4
6
27
10
5
2
1
5
15
13
11
10
10
1
2
19
1
8
1
13
8
18
13
8
8
1
10
6
4
8
15
13
13
4
17
5
2
1
10
1
4
1
7
10
5
8
1
3
19
1
7
4
1
14
11
15
6
5
1
13
4
2
3
1
4
10
1
25
1
10
6
17
1
23
7
5
6
12
11
5
3
2
14
5
8
7
17
1
12
1
2
8
3
5
11
13
22
9
3
1
1
6
8
2
16
1
1
1
42
12
1
14
6
1
23
2
6
6
2
2
11
20
13
6
5
18
2
14
3
1
16
11
9
4
20
1
1
16
14
4
1
4
29
3
2
10
5
20
12
8
8
13
11
7
1
3
10
16
4
16
6
15
12
2
6
9
8
2
10
8
21
5
8
7
1
6
2
1
1
4
7
3
6
11
9
7
16
13
1
8
12
2
12
2
14
4
1
1
18
1
15
5
11
5
6
14
2
11
1
6
4
1
1
15
9
3
1
4
8
1
4
4
24
1
12
16
2
1
21
15
2
1
12
7
2
4
10
1
22
1
1
2
14
8
11
7
1
18
9
13
2
1
12
14
1
4
33
1
2
4
11
7
8
2
6
21
5
14
1
2
7
21
1
8
10
3
1
8
2
8
26
5
1
27
4
5
1
13
8
1
18
1
13
3
1
4
17
18
5
5
2
14
4
17
2
21
2
5
10
2
19
9
9
7
1
19
12
5
9
4
8
3
9
14
7
18
12
6
6
1
3
12
1
13
11
15
1
13
3
5
9
1
14
14
2
12
11
1
18
9
1
2
2
10
3
1
1
8
5
7
15
5
11
4
16
8
1
1
11
1
10
10
5
9
6
4
3
3
17
1
1
7
3
11
14
1
6
1
17
6
5
17
3
13
4
1
2
1
13
1
3
4
27
8
14
4
17
2
1
7
26
3
5
1
4
23
6
3
15
9
1
3
1
4
8
10
1
1
30
1
4
2
13
8
11
6
22
5
11
21
10
4
16
3
15
6
6
16
4
1
8
8
7
17
4
