35961
51226
871
1154
337
8
19
15
5
3
1
1
5
10
13
1
6
15
5
6
12
5
22
3
16
23
1
6
13
8
1
7
3
11
3
1
15
4
12
18
3
4
2
9
22
3
6
12
5
3
1
2
14
1
8
4
12
1
1
13
10
13
8
2
1
3
8
40
15
5
7
7
1
7
10
2
6
12
11
11
5
4
11
11
3
13
9
10
2
15
1
6
27
3
8
19
8
9
1
2
3
10
2
4
5
4
8
12
11
10
7
6
9
17
1
10
3
10
1
1
36
3
1
7
4
12
26
3
3
6
7
7
7
7
13
11
1
9
2
6
5
7
8
13
2
24
4
14
1
11
23
8
1
1
22
5
2
1
4
10
2
5
8
8
5
3
10
14
4
4
3
6
1
11
4
8
6
1
1
1
25
5
2
6
1
4
1
7
4
6
13
13
3
3
9
8
3
1
5
14
5
1
3
9
6
4
4
1
1
7
1
1
1
1
17
23
5
17
10
1
14
13
6
1
12
8
1
20
7
5
1
11
3
1
24
4
5
16
1
2
8
1
5
6
1
8
2
6
15
1
1
10
1
19
1
1
2
5
3
1
10
6
6
21
12
11
1
5
10
9
17
1
9
21
8
6
12
1
17
15
1
14
5
18
4
11
7
1
4
5
1
4
2
1
10
1
1
9
1
12
19
11
10
1
10
11
2
3
1
3
8
4
3
1
13
1
16
8
7
1
13
13
3
8
9
7
20
7
1
6
22
11
4
8
6
1
5
6
4
14
1
26
5
1
12
10
8
9
2
9
3
1
6
8
4
12
15
4
12
1
14
13
3
14
4
1
2
10
19
8
4
2
5
26
7
7
17
5
2
5
16
3
4
4
14
15
1
6
16
13
1
9
3
2
1
2
17
6
9
12
11
6
13
1
8
4
1
16
9
4
8
13
6
13
3
5
15
1
1
1
5
28
1
13
11
1
1
9
3
1
23
3
3
23
6
10
1
10
2
4
8
1
2
18
2
12
1
10
1
8
10
9
3
13
1
6
1
7
18
5
17
2
7
3
16
1
18
3
1
12
11
1
5
1
2
4
5
9
8
2
10
18
8
7
4
3
5
16
1
12
10
4
12
3
15
3
2
2
24
16
1
6
3
5
6
1
1
17
12
15
13
8
2
5
13
6
3
21
1
8
1
1
5
15
1
15
3
1
13
4
7
19
4
11
8
3
19
2
1
1
2
2
23
18
1
6
9
6
7
1
14
4
10
7
9
3
1
4
11
9
10
5
20
9
1
1
26
3
12
1
19
3
1
5
33
1
10
1
11
1
8
7
3
11
10
14
12
1
1
16
10
9
5
13
7
10
3
1
15
19
11
7
12
3
13
1
1
1
1
18
2
11
20
11
1
3
1
12
6
17
1
1
18
1
1
9
2
5
16
1
9
8
2
13
7
3
14
1
9
1
11
11
1
3
21
1
3
5
13
3
3
5
15
5
6
1
16
3
5
14
1
10
7
2
13
4
10
13
2
1
5
5
12
10
1
1
3
31
1
10
26
1
15
3
1
14
5
8
6
1
20
6
11
4
16
10
12
1
4
4
18
2
22
1
10
6
2
10
11
1
1
14
9
18
1
13
12
11
2
2
1
12
5
2
1
3
2
1
1
4
1
1
17
17
1
1
8
8
13
16
1
2
1
1
9
35
2
1
19
1
10
7
2
2
3
15
20
2
2
6
2
2
6
3
4
30
8
11
10
10
7
9
10
9
3
3
18
13
13
8
12
5
8
2
4
7
2
3
2
4
15
22
5
9
2
3
2
10
32
1
4
14
4
1
2
11
6
7
1
7
24
5
4
7
1
11
8
4
13
2
1
18
4
7
18
1
1
19
14
3
3
2
1
30
8
1
7
2
4
5
8
1
3
14
7
1
16
1
1
5
11
7
15
6
5
4
2
7
4
6
15
3
4
29
3
11
19
5
5
13
12
2
4
4
12
6
1
5
16
4
6
1
7
12
12
3
4
4
15
1
8
3
13
8
1
3
18
4
1
12
7
7
9
11
3
2
21
7
1
1
2
15
12
9
7
8
1
1
7
8
8
1
18
12
7
3
18
6
7
10
2
19
1
1
1
1
1
15
12
4
6
7
16
4
1
6
21
7
13
9
11
1
1
1
8
1
9
14
10
7
1
9
15
1
2
19
1
1
8
6
1
19
9
3
8
1
1
7
1
12
9
15
8
8
6
12
1
22
1
6
8
16
6
2
3
2
3
16
6
5
