35649
10787
28312
57
568
817
2530
30
79
132
7
6
105
58
13
16
15
17
6
7
8
15
3
2
25
2
11
1
1
13
3
2
8
13
16
6
9
5
7
7
9
13
8
4
1
1
3
16
2
7
6
8
9
1
3
36
1
13
1
3
17
4
12
2
21
9
4
4
9
1
1
10
6
11
6
1
2
1
9
5
1
13
8
7
6
9
8
9
9
3
1
1
28
1
8
6
12
1
3
3
3
12
15
1
1
26
4
1
10
15
10
4
4
3
21
1
1
7
1
25
6
3
2
1
8
7
7
3
5
3
10
2
2
35
1
2
16
1
4
8
1
18
10
1
11
3
6
3
9
9
5
18
1
2
18
4
9
1
6
3
6
3
22
16
7
7
13
1
12
8
11
6
5
10
3
26
5
6
1
9
8
3
1
30
7
12
9
7
1
4
2
17
1
3
1
2
34
6
6
2
1
11
1
3
7
20
1
9
6
10
1
1
5
1
16
1
10
6
4
16
7
3
2
3
5
1
1
13
10
1
2
5
7
1
28
5
14
18
1
9
5
1
20
18
6
3
7
14
13
1
13
12
9
5
4
8
2
7
2
6
4
15
2
5
1
1
1
1
8
5
1
46
1
12
6
14
1
9
7
1
12
5
9
15
5
2
2
21
1
4
1
21
20
8
3
1
8
8
21
4
1
13
1
12
20
6
3
15
1
14
2
2
1
20
7
1
9
11
15
11
13
1
15
3
14
3
1
3
11
25
5
5
17
2
2
5
1
1
5
1
5
5
2
29
1
25
6
4
8
9
4
7
6
12
1
20
10
10
1
2
22
1
16
2
1
13
5
2
7
2
8
1
5
12
1
4
29
2
1
5
2
15
2
23
12
7
1
3
16
17
10
8
5
8
4
4
10
3
11
4
1
1
19
2
11
10
5
3
4
1
13
4
1
18
14
5
12
12
7
9
4
5
7
3
2
4
11
12
8
1
9
17
2
1
23
3
11
15
2
13
7
18
7
11
3
3
18
8
5
1
1
2
13
9
5
3
18
9
1
6
14
4
16
1
10
3
8
1
1
1
5
26
12
5
1
1
1
1
13
6
9
6
4
20
9
1
13
1
7
9
3
10
5
18
6
10
1
16
9
2
9
10
11
1
3
3
1
4
14
1
13
3
4
5
7
10
5
2
1
12
4
4
9
52
10
10
2
2
10
13
5
8
1
19
2
5
10
3
4
1
12
1
1
1
24
1
7
2
2
2
28
7
9
3
20
16
8
1
6
4
1
2
3
6
10
3
4
4
18
10
1
21
2
3
14
1
2
17
2
2
19
2
9
1
5
1
25
8
15
10
10
9
7
5
10
4
1
30
5
3
12
18
5
9
10
2
2
16
4
23
5
7
7
3
8
6
9
1
7
6
6
6
11
7
5
9
1
4
23
4
1
15
1
19
6
10
4
12
2
16
15
2
1
12
23
16
1
4
5
9
3
20
3
7
4
8
6
1
26
1
7
4
1
2
12
10
1
1
19
1
18
1
13
1
13
6
29
3
11
5
17
4
3
1
12
1
1
1
1
18
10
19
7
20
1
18
12
1
13
1
19
5
12
2
10
1
6
2
13
6
1
7
13
9
31
4
1
9
1
9
1
17
21
2
20
8
10
4
4
6
12
13
9
4
6
6
12
3
6
1
10
12
6
9
8
14
1
3
8
4
10
12
5
11
8
2
18
9
1
9
2
1
4
1
7
19
8
6
1
10
1
14
6
1
12
10
2
2
12
15
2
1
16
1
9
1
11
7
6
20
4
7
8
8
2
6
1
3
11
8
1
17
2
4
12
13
5
1
1
1
14
12
13
16
4
10
6
5
3
10
21
4
21
6
1
6
10
1
1
1
11
3
3
18
4
16
4
11
1
18
1
9
1
5
6
15
9
12
8
1
5
17
1
8
22
9
1
6
9
4
1
9
2
18
5
4
6
12
4
7
12
9
4
12
5
3
5
6
4
18
17
11
3
14
1
5
11
10
2
1
7
3
2
15
2
21
1
1
5
1
14
6
4
21
5
13
1
11
1
16
2
6
1
1
1
15
11
3
10
22
1
6
2
1
2
40
4
5
1
4
17
2
16
1
20
3
8
7
2
9
4
1
1
8
14
1
6
10
12
3
11
9
6
5
1
1
5
13
4
5
11
6
5
1
16
4
15
1
15
8
11
9
5
1
14
2
16
1
11
6
10
14
5
1
2
7
4
7
3
1
3
29
4
20
5
5
5
13
5
1
