38989
12448
1419
562
346
111
10
7
15
1
18
1
7
3
15
2
5
5
7
12
1
3
1
4
12
12
8
4
13
1
7
1
26
11
12
6
7
5
3
9
13
1
9
8
1
1
15
4
9
4
9
9
3
9
6
1
34
1
1
10
2
1
7
6
9
1
7
1
2
23
2
2
20
1
13
21
7
4
5
19
6
3
25
8
6
4
13
1
2
17
1
5
1
17
2
3
1
1
10
2
14
1
1
21
4
20
4
5
8
7
12
5
13
2
4
8
14
5
13
6
9
11
10
1
2
2
1
8
1
1
14
28
6
7
3
4
1
2
12
1
8
2
5
7
1
6
18
5
1
1
6
6
1
2
5
21
6
3
7
3
15
4
9
18
15
8
1
1
9
26
1
14
2
8
10
5
3
4
1
6
5
18
12
6
4
5
12
1
3
4
30
1
5
4
15
4
13
3
14
9
1
5
16
11
6
3
16
9
11
4
17
1
8
10
3
3
2
20
12
2
1
6
19
9
3
1
1
9
3
31
1
2
13
1
31
3
2
4
6
11
12
8
2
18
2
14
3
3
2
19
6
3
9
8
1
11
12
3
10
13
1
12
4
4
1
27
3
21
1
13
9
12
6
15
6
5
1
10
2
1
17
1
5
12
4
8
1
3
16
3
1
13
1
2
16
6
18
1
2
6
3
12
5
3
8
8
1
1
2
21
1
8
2
10
24
4
7
6
17
5
1
12
1
13
9
1
2
10
8
1
1
3
24
14
10
7
10
1
13
2
10
2
12
17
1
1
13
3
1
15
8
6
1
1
28
10
3
1
1
12
4
2
12
4
1
4
3
6
3
2
18
1
9
1
1
11
10
3
8
1
14
7
1
6
13
5
2
14
20
9
3
10
7
13
1
1
5
2
9
21
2
7
2
3
2
1
8
13
6
10
20
3
3
2
9
7
6
18
2
3
4
1
2
10
7
5
10
4
1
15
7
11
7
1
11
22
6
1
1
3
2
3
15
7
2
6
1
1
1
4
8
15
3
21
1
17
1
2
6
6
15
15
7
9
10
14
1
1
4
1
18
11
14
2
18
1
1
1
10
4
5
3
1
9
2
16
4
9
1
17
1
5
3
1
22
19
5
11
1
19
1
20
6
2
16
2
2
14
6
7
2
2
14
6
21
2
7
13
1
5
7
4
29
9
1
9
19
2
7
15
3
5
4
7
9
1
9
19
8
12
7
2
10
8
11
3
12
1
1
4
8
2
14
9
2
16
4
15
3
2
2
1
10
13
15
1
1
13
1
1
3
14
20
5
1
7
13
22
6
3
15
9
1
1
14
24
1
1
14
11
7
2
21
1
11
12
3
1
5
12
7
15
1
14
10
7
2
5
16
8
5
1
4
6
2
3
5
1
27
3
3
23
1
13
12
2
12
11
3
2
6
4
1
7
3
8
4
9
9
1
8
5
15
11
1
11
14
6
1
8
1
4
16
1
5
5
16
2
24
5
1
18
2
6
6
10
4
7
8
7
3
21
1
12
12
3
8
10
11
7
7
9
6
5
6
19
4
1
1
13
9
1
2
16
4
1
19
8
9
1
7
5
9
9
25
7
1
7
7
7
1
12
10
2
18
2
1
6
17
1
5
1
4
17
7
7
1
3
18
1
22
7
9
6
9
1
8
15
4
1
9
1
6
7
2
11
11
6
9
10
6
1
4
21
1
7
8
10
1
4
17
7
17
5
4
1
14
6
11
1
7
2
4
34
8
1
5
3
4
6
12
1
27
1
9
4
1
15
3
1
2
13
11
3
1
1
1
3
28
13
10
1
13
12
7
9
1
1
5
1
13
2
9
1
19
21
3
4
3
1
19
1
4
8
19
6
9
5
9
7
4
24
1
16
3
1
13
2
6
1
1
12
3
17
9
6
5
13
10
5
11
10
1
1
6
4
12
1
8
22
1
4
5
11
13
9
3
1
7
5
5
2
1
34
6
2
12
8
1
1
26
5
7
2
4
27
3
14
4
7
1
10
7
4
3
5
15
11
1
1
1
5
7
25
2
2
3
34
8
5
7
1
22
1
1
3
30
1
4
1
2
14
3
6
13
11
12
3
5
18
1
4
1
3
5
8
4
1
22
1
31
9
9
5
9
11
10
3
6
1
1
5
9
29
1
1
1
21
4
4
10
7
6
8
2
2
8
8
3
10
2
3
5
14
1
9
6
4
8
2
1
10
13
5
12
1
1
17
3
2
1
15
2
14
10
9
9
1
3
20
