59926
23758
2944
501
1021
72
554
5
2
27
21
1
8
1
8
17
7
6
1
18
1
4
4
1
1
10
8
6
1
6
9
4
10
6
12
2
21
13
4
13
8
2
1
1
12
10
1
12
2
2
1
5
2
32
9
3
2
7
3
9
11
4
11
3
3
7
3
4
14
23
1
8
1
1
18
1
25
10
4
1
19
10
10
1
5
8
1
9
9
2
8
3
20
9
14
1
12
4
1
10
5
11
1
1
5
4
2
14
7
16
12
1
4
7
7
22
1
6
1
12
17
1
1
14
1
1
3
3
8
1
1
3
30
9
12
3
1
1
1
2
1
27
1
3
16
4
2
13
1
12
1
23
1
4
13
1
11
17
11
3
10
11
1
4
1
8
10
1
16
7
12
5
1
13
16
1
3
4
5
11
1
10
5
7
12
3
5
15
3
7
1
8
2
1
17
18
1
7
7
7
7
10
11
11
9
8
5
8
1
1
12
10
2
3
2
19
1
7
2
19
1
12
2
6
4
1
9
12
7
3
5
6
23
1
6
1
13
10
5
1
5
1
20
5
8
14
1
1
9
1
8
1
22
11
17
8
7
5
14
4
10
2
3
12
1
2
1
2
3
15
7
6
1
3
2
22
3
10
3
18
4
11
10
7
15
5
10
1
1
1
3
15
11
1
12
7
3
2
1
8
7
1
13
2
2
17
9
6
9
20
6
14
4
4
1
1
16
5
3
9
20
1
8
6
6
23
8
10
4
1
6
9
1
12
1
11
34
13
15
1
6
11
12
6
1
19
12
1
8
11
12
1
9
3
24
1
4
10
2
7
3
12
1
5
4
10
4
10
1
5
5
26
2
4
4
5
15
1
27
8
4
2
1
1
21
1
16
12
13
1
4
16
2
9
22
1
5
4
3
2
1
10
6
6
7
7
5
10
1
26
1
8
4
16
7
1
10
10
1
8
17
1
1
19
1
22
6
6
1
6
9
1
1
6
5
1
6
3
1
6
1
5
12
8
1
27
9
12
3
7
6
11
7
16
7
2
1
1
6
4
3
8
2
1
8
2
4
4
13
10
4
18
3
3
3
2
2
20
2
3
6
1
24
12
3
1
7
5
8
6
1
6
24
6
17
1
11
7
16
5
10
1
11
1
7
1
9
13
6
15
2
7
9
7
14
1
1
9
15
12
13
1
2
18
3
4
3
24
1
1
23
7
6
6
3
2
5
30
8
2
1
7
2
19
10
6
1
6
7
2
1
21
4
22
4
9
1
8
13
1
1
1
12
13
9
8
3
13
1
11
1
2
11
8
2
4
5
7
10
5
12
8
14
11
8
8
3
7
13
14
5
6
7
1
20
1
1
1
18
6
1
15
8
2
17
8
1
7
7
7
19
10
1
1
5
1
21
1
11
14
1
9
9
5
5
2
10
18
1
12
5
1
1
31
3
6
16
4
14
3
2
1
9
5
2
17
11
2
6
8
9
8
5
13
1
1
19
4
2
1
3
3
14
3
1
9
8
14
10
1
2
4
20
12
5
9
1
4
1
2
11
7
11
2
14
6
12
3
1
3
16
3
2
29
1
7
1
5
25
13
1
17
1
2
16
5
7
17
1
6
9
15
3
3
16
1
8
1
10
5
1
6
8
11
9
5
7
9
2
18
17
1
6
2
10
2
12
1
13
5
14
8
9
8
9
11
1
2
1
2
7
1
11
9
1
2
3
9
9
5
7
6
7
9
7
1
22
4
7
2
1
7
11
5
4
6
12
5
16
7
2
16
3
1
9
25
1
5
14
5
2
18
8
1
9
6
1
1
8
1
22
3
14
18
5
2
14
1
7
7
1
2
6
5
1
4
2
1
12
4
12
4
13
6
1
3
2
1
2
5
14
9
4
7
3
7
17
18
5
9
18
14
10
2
4
7
10
1
9
11
16
2
1
20
15
1
2
4
1
1
22
6
5
35
5
11
7
15
1
2
6
6
3
1
11
1
6
17
4
1
3
6
4
7
3
15
23
1
20
4
8
9
2
4
1
10
7
3
1
5
24
7
17
6
13
1
9
20
9
3
11
7
10
9
2
25
3
2
5
7
6
1
7
10
9
2
10
1
1
14
10
5
1
1
19
14
1
5
29
5
3
19
4
2
9
8
9
8
2
11
6
12
5
4
6
1
2
21
1
17
3
9
2
6
1
22
13
4
14
1
1
6
3
1
20
2
1
15
11
9
4
1
6
11
12
5
22
5
11
1
1
5
29
11
2
18
8
3
8
4
