17135
14222
3781
25302
1257
1114
5731
418
153
179
1
28
3
1
2
5
1
2
11
1
14
27
11
11
10
11
4
1
11
6
4
1
9
11
3
1
1
3
1
35
1
7
3
4
2
31
8
9
4
3
3
5
4
1
5
3
2
7
4
3
2
1
1
7
1
17
2
13
12
1
1
13
1
16
12
2
1
14
5
3
11
11
14
15
9
5
9
10
1
9
5
1
10
5
10
3
13
4
12
1
5
11
13
12
2
1
12
2
6
1
2
7
4
3
9
6
3
3
12
2
14
2
1
14
14
2
15
1
1
7
1
19
11
1
2
9
17
3
3
4
14
6
19
2
2
11
2
6
7
18
7
6
5
1
20
2
15
1
5
13
12
11
11
1
24
3
4
9
3
19
13
8
9
1
6
6
5
1
16
8
15
1
10
7
1
5
13
3
16
3
1
1
2
1
7
13
2
15
4
1
23
6
13
9
13
1
15
12
1
3
1
4
4
22
6
5
1
2
27
10
6
4
14
6
5
1
15
1
2
1
19
1
3
13
9
2
1
7
11
6
1
26
2
2
8
1
9
2
11
8
2
9
1
16
1
1
1
2
13
19
11
2
2
14
12
4
1
1
1
20
14
6
9
6
13
1
6
1
1
14
9
6
9
12
5
2
8
2
2
14
1
3
18
17
1
9
2
2
2
1
3
6
9
18
1
7
7
19
3
7
13
8
17
11
8
5
5
4
13
4
1
10
9
5
19
3
20
10
18
9
1
1
9
4
1
1
9
1
1
8
5
13
12
7
13
1
13
8
13
1
3
7
18
2
2
4
9
6
4
2
1
1
2
7
4
1
13
8
8
11
2
14
6
6
8
4
6
18
3
5
11
14
4
3
1
16
9
21
3
1
1
13
3
1
17
6
1
5
3
1
13
2
2
1
6
22
1
17
4
8
1
4
16
5
1
26
3
9
2
11
2
3
6
3
11
1
12
8
6
4
8
16
7
6
13
1
11
13
15
4
5
1
14
4
1
13
6
10
1
4
6
15
9
1
11
2
6
18
4
10
17
3
2
8
6
4
6
1
1
20
9
14
4
1
25
6
5
3
14
1
6
21
1
10
12
12
11
5
3
1
9
15
3
16
5
10
11
2
9
12
1
15
3
8
1
3
20
10
12
9
8
12
10
6
3
20
14
3
4
2
1
18
5
7
1
10
6
1
20
6
1
3
1
18
6
1
1
1
1
17
5
9
6
19
7
1
6
3
9
1
2
21
16
6
9
13
5
14
7
14
5
1
13
23
10
8
2
9
1
5
8
17
1
2
7
10
9
7
8
1
11
4
5
8
1
15
9
6
24
2
5
3
7
1
24
6
11
4
6
15
1
8
19
1
6
3
16
1
4
23
2
1
1
1
10
7
14
18
8
1
8
10
6
9
7
1
10
5
17
1
1
7
16
4
6
13
6
7
12
2
4
7
20
2
21
7
11
3
7
4
5
20
1
17
14
6
2
12
4
1
21
3
12
8
1
6
17
1
3
9
3
4
1
5
6
1
18
1
8
1
17
4
1
15
7
1
1
5
26
5
1
16
4
10
1
1
1
8
14
7
12
7
8
2
15
6
7
1
18
3
6
8
7
8
9
10
1
8
6
5
6
5
1
4
5
20
16
1
1
27
5
3
1
9
4
13
3
5
8
13
8
9
12
3
1
2
11
19
11
2
19
10
4
7
14
1
1
4
19
12
16
17
5
2
2
28
5
1
1
3
22
15
1
3
1
8
1
7
22
1
15
3
4
11
1
9
4
9
4
13
21
7
1
4
3
18
5
8
1
14
8
18
1
7
3
16
1
1
26
12
8
5
1
5
1
8
1
12
3
10
6
10
9
7
7
1
7
15
1
1
3
4
5
11
10
13
4
14
3
9
4
21
5
12
10
4
3
9
8
11
1
7
1
5
10
8
2
4
19
11
6
4
14
5
20
3
1
11
2
14
5
11
2
8
18
3
4
3
8
2
9
19
8
12
5
15
1
1
9
1
8
16
4
4
9
5
12
3
4
15
1
16
13
2
14
4
3
4
7
18
3
11
1
2
12
1
10
2
6
15
1
9
5
18
3
1
12
3
4
10
11
1
17
3
4
6
2
2
17
6
1
25
7
6
6
3
18
2
14
1
9
18
8
5
15
9
5
8
6
2
7
4
3
12
1
13
1
3
22
6
3
4
16
2
2
14
4
4
1
11
12
11
8
10
12
15
6
2
11
10
17
6
12
3
1
1
4
4
1
6
