71111111111111111111111111111111111111
1111111111
1111111111111111
7111111
711111111111111111111111111111111111111111111111
7111111111111111111111111111111111111
711111
711111111111111111111111111111111111111111111111
1111111111111111111111111111111111111111
7111111111111111111111111111111
1111111111111111111111111111111
11111111111111111111111111111111111
1111111111111111111111111111111111111111
111111111111111111111111
7111111111111111111111111111111111111111
1111111111111111111111111111111111111
71111111111111111111111111111111111111111111
111111111111111111111111111111111111111111111111
1111111111111111111111111111111111111
7111111111111111111111111111111111111
7111111111111111
111111111111111111111111111111111
1111111111111111111111111111
11111
711111111111111111111111111111111111111111111
1111111
11111111
111111111111111111111111111
71111111111111111111111111111
7111111
711111111111111111111111111111111
11111111111111111111111111111111111111111
111111111111111111111111111111111111111
711111111111111111111
71111111111111111111111111
711111111111111111111
71111111111111111111111111111111111111111111
71111
1111111111
1111111111111111111111111111
7111111111111111111111111111111111111111111111111
7111111111111111111111
71111111111111111111111
11111111111111111111111111111111
1111111111111111111111111
11111111
71111111111111
711111111111111111111111
7111111111111111111111111111111111
71111111111
111111111111111111111111111111111111111
11111111111111111
71111
11111111111111111111111111111111
7111111111111111111111111111111111111
1111111111111111111111111111111111111111
711111111111111111111111111111111111111
11111111111111111111111111111111111111111111111111
711111111
711111111111111111111
111111111111
1111111111111111111111111111
71111111111111111111111111111111111111111111
7111111111111111111111111111111111111111111111
7111111111111111111111111111111111111111111
11111111111111111
711111111111111111111111111111111
711111111111111111111111
71111111111111111111
711111111111111111111111111111111111111111
7111111111111111111111
711111111
111111111111111111111111111111111111111
711111111111111111111111111111111111111111
